Using pre-set license
Built from '2021.1/staging' branch; Version is '2021.1.18f1 (25bdc3efbc2d) revision 2473411'; Using compiler version '192528614'; Build Type 'Release'
OS: 'Windows 10 Pro; OS build 19043.1165; Version 2009; 64bit' Language: 'en' Physical Memory: 32697 MB
BatchMode: 1, IsHumanControllingUs: 0, StartBugReporterOnCrash: 0, Is64bit: 1, IsPro: 0

COMMAND LINE ARGUMENTS:
C:\Program Files\Unity 2021.1.18f1\Editor\Unity.exe
-adb2
-batchMode
-noUpm
-name
AssetImportWorker0
-projectPath
C:/Users/Home/Drawing
-logFile
Logs/AssetImportWorker0.log
-srvPort
63954
Successfully changed project path to: C:/Users/Home/Drawing
C:/Users/Home/Drawing
Using Asset Import Pipeline V2.
Refreshing native plugins compatible for Editor in 54.61 ms, found 3 plugins.
Preloading 0 native plugins for Editor in 0.00 ms.
Initialize engine version: 2021.1.18f1 (25bdc3efbc2d)
[Subsystems] Discovering subsystems at path C:/Program Files/Unity 2021.1.18f1/Editor/Data/Resources/UnitySubsystems
[Subsystems] Discovering subsystems at path C:/Users/Home/Drawing/Assets
GfxDevice: creating device client; threaded=0; jobified=0
Direct3D:
    Version:  Direct3D 11.0 [level 11.1]
    Renderer: NVIDIA GeForce GTX 1070 Ti (ID=0x1b82)
    Vendor:   NVIDIA
    VRAM:     8079 MB
    Driver:   30.0.14.7141
Initialize mono
Mono path[0] = 'C:/Program Files/Unity 2021.1.18f1/Editor/Data/Managed'
Mono path[1] = 'C:/Program Files/Unity 2021.1.18f1/Editor/Data/MonoBleedingEdge/lib/mono/unityjit'
Mono config path = 'C:/Program Files/Unity 2021.1.18f1/Editor/Data/MonoBleedingEdge/etc'
Using monoOptions --debugger-agent=transport=dt_socket,embedding=1,server=y,suspend=n,address=127.0.0.1:56796
Begin MonoManager ReloadAssembly
Registering precompiled unity dll's ...
Register platform support module: C:/Program Files/Unity 2021.1.18f1/Editor/Data/PlaybackEngines/WindowsStandaloneSupport/UnityEditor.WindowsStandalone.Extensions.dll
Registered in 0.001076 seconds.
Native extension for WindowsStandalone target not found
Refreshing native plugins compatible for Editor in 53.67 ms, found 3 plugins.
Preloading 0 native plugins for Editor in 0.00 ms.
Mono: successfully reloaded assembly
- Completed reload, in  0.737 seconds
Domain Reload Profiling:
	ReloadAssembly (737ms)
		BeginReloadAssembly (40ms)
			ExecutionOrderSort (0ms)
			DisableScriptedObjects (0ms)
			BackupInstance (0ms)
			ReleaseScriptingObjects (0ms)
			CreateAndSetChildDomain (1ms)
		EndReloadAssembly (292ms)
			LoadAssemblies (39ms)
			RebuildTransferFunctionScriptingTraits (0ms)
			SetupTypeCache (98ms)
			ReleaseScriptCaches (0ms)
			RebuildScriptCaches (18ms)
			SetupLoadedEditorAssemblies (147ms)
				LogAssemblyErrors (0ms)
				InitializePlatformSupportModulesInManaged (4ms)
				SetLoadedEditorAssemblies (0ms)
				RefreshPlugins (54ms)
				BeforeProcessingInitializeOnLoad (1ms)
				ProcessInitializeOnLoadAttributes (68ms)
				ProcessInitializeOnLoadMethodAttributes (19ms)
				AfterProcessingInitializeOnLoad (0ms)
				EditorAssembliesLoaded (0ms)
			ExecutionOrderSort2 (0ms)
			AwakeInstancesAfterBackupRestoration (0ms)
Platform modules already initialized, skipping
Registering precompiled user dll's ...
Registered in 0.003137 seconds.
Begin MonoManager ReloadAssembly
Symbol file LoadedFromMemory doesn't match image C:\Users\Home\Drawing\Library\PackageCache\com.unity.visualscripting@1.6.1\Editor\VisualScripting.Core\Dependencies\YamlDotNet\Unity.VisualScripting.YamlDotNet.dll
Symbol file LoadedFromMemory doesn't match image C:\Users\Home\Drawing\Library\PackageCache\com.unity.visualscripting@1.6.1\Editor\VisualScripting.Core\Dependencies\DotNetZip\Unity.VisualScripting.IonicZip.dll
Native extension for WindowsStandalone target not found
Refreshing native plugins compatible for Editor in 0.50 ms, found 3 plugins.
Preloading 0 native plugins for Editor in 0.00 ms.
Mono: successfully reloaded assembly
- Completed reload, in  0.733 seconds
Domain Reload Profiling:
	ReloadAssembly (734ms)
		BeginReloadAssembly (97ms)
			ExecutionOrderSort (0ms)
			DisableScriptedObjects (3ms)
			BackupInstance (0ms)
			ReleaseScriptingObjects (0ms)
			CreateAndSetChildDomain (15ms)
		EndReloadAssembly (599ms)
			LoadAssemblies (59ms)
			RebuildTransferFunctionScriptingTraits (0ms)
			SetupTypeCache (201ms)
			ReleaseScriptCaches (0ms)
			RebuildScriptCaches (29ms)
			SetupLoadedEditorAssemblies (256ms)
				LogAssemblyErrors (0ms)
				InitializePlatformSupportModulesInManaged (3ms)
				SetLoadedEditorAssemblies (0ms)
				RefreshPlugins (1ms)
				BeforeProcessingInitializeOnLoad (43ms)
				ProcessInitializeOnLoadAttributes (202ms)
				ProcessInitializeOnLoadMethodAttributes (3ms)
				AfterProcessingInitializeOnLoad (3ms)
				EditorAssembliesLoaded (0ms)
			ExecutionOrderSort2 (0ms)
			AwakeInstancesAfterBackupRestoration (4ms)
Platform modules already initialized, skipping
========================================================================
Worker process is ready to serve import requests
Launched and connected shader compiler UnityShaderCompiler.exe after 0.04 seconds
Refreshing native plugins compatible for Editor in 0.50 ms, found 3 plugins.
Preloading 0 native plugins for Editor in 0.00 ms.
Unloading 2951 Unused Serialized files (Serialized files now loaded: 0)
System memory in use before: 105.8 MB.
System memory in use after: 106.0 MB.

Unloading 22 unused Assets to reduce memory usage. Loaded Objects now: 3396.
Total: 2.343200 ms (FindLiveObjects: 0.167600 ms CreateObjectMapping: 0.074900 ms MarkObjects: 2.060000 ms  DeleteObjects: 0.040200 ms)

AssetImportParameters requested are different than current active one (requested -> active):
  custom:framework-win-MediaFoundation: 216162199b28c13a410421893ffa2e32 -> 
  custom:video-decoder-ogg-theora: a1e56fd34408186e4bbccfd4996cb3dc -> 
  custom:container-muxer-webm: aa71ff27fc2769a1b78a27578f13a17b -> 
  custom:container-demuxer-webm: 4f35f7cbe854078d1ac9338744f61a02 -> 
  custom:container-demuxer-ogg: 62fdf1f143b41e24485cea50d1cbac27 -> 
  custom:video-encoder-webm-vp8: eb34c28f22e8b96e1ab97ce403110664 -> 
  custom:video-decoder-webm-vp8: 9c59270c3fd7afecdb556c50c9e8de78 -> 
  custom:audio-decoder-ogg-vorbis: bf7c407c2cedff20999df2af8eb42d56 -> 
  custom:audio-encoder-webm-vorbis: bf7c407c2cedff20999df2af8eb42d56 -> 
========================================================================
Received Import Request.
  path: Assets/DrawManager.cs
  artifactKey: Guid(e019e967bc5cc954faf0c0ec6f252b0b) Importer(815301076,1909f56bfc062723c751e8b465ee728b)
Start importing Assets/DrawManager.cs using Guid(e019e967bc5cc954faf0c0ec6f252b0b) Importer(815301076,1909f56bfc062723c751e8b465ee728b)  -> (artifact id: '607117b8074b022e989ec7170dfdc5ed') in 0.020156 seconds 
========================================================================
Received Import Request.
  Time since last request: 0.000140 seconds.
  path: Assets/FollowCamera.cs
  artifactKey: Guid(7b32a3c01dd05b24a98ae9fe2ecdf34a) Importer(815301076,1909f56bfc062723c751e8b465ee728b)
Start importing Assets/FollowCamera.cs using Guid(7b32a3c01dd05b24a98ae9fe2ecdf34a) Importer(815301076,1909f56bfc062723c751e8b465ee728b)  -> (artifact id: '2121d6c4c35c96d6528f9bc6a15e8133') in 0.003822 seconds 
========================================================================
Received Import Request.
  Time since last request: 0.000101 seconds.
  path: Assets/Scripts
  artifactKey: Guid(a1f2c4785dee71b429ab59f43a5f028a) Importer(815301076,1909f56bfc062723c751e8b465ee728b)
Start importing Assets/Scripts using Guid(a1f2c4785dee71b429ab59f43a5f028a) Importer(815301076,1909f56bfc062723c751e8b465ee728b)  -> (artifact id: '6c63d33364ef672ff685ba2b7ea943ec') in 0.003188 seconds 
========================================================================
Received Import Request.
  Time since last request: 1.202490 seconds.
  path: Assets/Scenes
  artifactKey: Guid(a66f6ab39fee3484ababa8da48939e6f) Importer(815301076,1909f56bfc062723c751e8b465ee728b)
Start importing Assets/Scenes using Guid(a66f6ab39fee3484ababa8da48939e6f) Importer(815301076,1909f56bfc062723c751e8b465ee728b)  -> (artifact id: '875d0753a8e3eeaadf340bd1a4799471') in 0.004385 seconds 
========================================================================
Received Import Request.
  Time since last request: 1.873171 seconds.
  path: Assets/Scenes/SampleScene.unity
  artifactKey: Guid(9fc0d4010bbf28b4594072e72b8655ab) Importer(815301076,1909f56bfc062723c751e8b465ee728b)
Start importing Assets/Scenes/SampleScene.unity using Guid(9fc0d4010bbf28b4594072e72b8655ab) Importer(815301076,1909f56bfc062723c751e8b465ee728b)  -> (artifact id: '500cc3195a14008ea421d5c214f268ac') in 0.009274 seconds 
========================================================================
Received Prepare
Registering precompiled user dll's ...
Registered in 0.003080 seconds.
Begin MonoManager ReloadAssembly
Symbol file LoadedFromMemory doesn't match image C:\Users\Home\Drawing\Library\PackageCache\com.unity.visualscripting@1.6.1\Editor\VisualScripting.Core\Dependencies\YamlDotNet\Unity.VisualScripting.YamlDotNet.dll
Symbol file LoadedFromMemory doesn't match image C:\Users\Home\Drawing\Library\PackageCache\com.unity.visualscripting@1.6.1\Editor\VisualScripting.Core\Dependencies\DotNetZip\Unity.VisualScripting.IonicZip.dll
Native extension for WindowsStandalone target not found
Refreshing native plugins compatible for Editor in 0.51 ms, found 3 plugins.
Preloading 0 native plugins for Editor in 0.00 ms.
Mono: successfully reloaded assembly
- Completed reload, in  0.695 seconds
Domain Reload Profiling:
	ReloadAssembly (695ms)
		BeginReloadAssembly (91ms)
			ExecutionOrderSort (0ms)
			DisableScriptedObjects (3ms)
			BackupInstance (0ms)
			ReleaseScriptingObjects (0ms)
			CreateAndSetChildDomain (27ms)
		EndReloadAssembly (566ms)
			LoadAssemblies (59ms)
			RebuildTransferFunctionScriptingTraits (0ms)
			SetupTypeCache (202ms)
			ReleaseScriptCaches (1ms)
			RebuildScriptCaches (23ms)
			SetupLoadedEditorAssemblies (227ms)
				LogAssemblyErrors (0ms)
				InitializePlatformSupportModulesInManaged (3ms)
				SetLoadedEditorAssemblies (0ms)
				RefreshPlugins (1ms)
				BeforeProcessingInitializeOnLoad (32ms)
				ProcessInitializeOnLoadAttributes (184ms)
				ProcessInitializeOnLoadMethodAttributes (3ms)
				AfterProcessingInitializeOnLoad (4ms)
				EditorAssembliesLoaded (0ms)
			ExecutionOrderSort2 (0ms)
			AwakeInstancesAfterBackupRestoration (5ms)
Platform modules already initialized, skipping
Refreshing native plugins compatible for Editor in 0.53 ms, found 3 plugins.
Preloading 0 native plugins for Editor in 0.00 ms.
Unloading 2945 Unused Serialized files (Serialized files now loaded: 0)
System memory in use before: 105.7 MB.
System memory in use after: 105.9 MB.

Unloading 17 unused Assets to reduce memory usage. Loaded Objects now: 3398.
Total: 2.211600 ms (FindLiveObjects: 0.179100 ms CreateObjectMapping: 0.060900 ms MarkObjects: 1.955600 ms  DeleteObjects: 0.015500 ms)

AssetImportParameters requested are different than current active one (requested -> active):
  custom:framework-win-MediaFoundation: 216162199b28c13a410421893ffa2e32 -> 
  custom:video-decoder-ogg-theora: a1e56fd34408186e4bbccfd4996cb3dc -> 
  custom:container-muxer-webm: aa71ff27fc2769a1b78a27578f13a17b -> 
  custom:container-demuxer-webm: 4f35f7cbe854078d1ac9338744f61a02 -> 
  custom:container-demuxer-ogg: 62fdf1f143b41e24485cea50d1cbac27 -> 
  custom:video-encoder-webm-vp8: eb34c28f22e8b96e1ab97ce403110664 -> 
  custom:video-decoder-webm-vp8: 9c59270c3fd7afecdb556c50c9e8de78 -> 
  custom:audio-decoder-ogg-vorbis: bf7c407c2cedff20999df2af8eb42d56 -> 
  custom:audio-encoder-webm-vorbis: bf7c407c2cedff20999df2af8eb42d56 -> 
========================================================================
Received Import Request.
  Time since last request: 15.228131 seconds.
  path: Assets/Scenes/Draw.unity
  artifactKey: Guid(9fc0d4010bbf28b4594072e72b8655ab) Importer(815301076,1909f56bfc062723c751e8b465ee728b)
Start importing Assets/Scenes/Draw.unity using Guid(9fc0d4010bbf28b4594072e72b8655ab) Importer(815301076,1909f56bfc062723c751e8b465ee728b)  -> (artifact id: '6056bf837e63f1e961b9a57d06eee69f') in 0.013545 seconds 
========================================================================
Received Prepare
Registering precompiled user dll's ...
Registered in 0.002995 seconds.
Begin MonoManager ReloadAssembly
Symbol file LoadedFromMemory doesn't match image C:\Users\Home\Drawing\Library\PackageCache\com.unity.visualscripting@1.6.1\Editor\VisualScripting.Core\Dependencies\YamlDotNet\Unity.VisualScripting.YamlDotNet.dll
Symbol file LoadedFromMemory doesn't match image C:\Users\Home\Drawing\Library\PackageCache\com.unity.visualscripting@1.6.1\Editor\VisualScripting.Core\Dependencies\DotNetZip\Unity.VisualScripting.IonicZip.dll
Native extension for WindowsStandalone target not found
Refreshing native plugins compatible for Editor in 0.53 ms, found 3 plugins.
Preloading 0 native plugins for Editor in 0.00 ms.
Mono: successfully reloaded assembly
- Completed reload, in  0.692 seconds
Domain Reload Profiling:
	ReloadAssembly (692ms)
		BeginReloadAssembly (93ms)
			ExecutionOrderSort (0ms)
			DisableScriptedObjects (3ms)
			BackupInstance (0ms)
			ReleaseScriptingObjects (0ms)
			CreateAndSetChildDomain (26ms)
		EndReloadAssembly (562ms)
			LoadAssemblies (59ms)
			RebuildTransferFunctionScriptingTraits (0ms)
			SetupTypeCache (199ms)
			ReleaseScriptCaches (1ms)
			RebuildScriptCaches (23ms)
			SetupLoadedEditorAssemblies (226ms)
				LogAssemblyErrors (0ms)
				InitializePlatformSupportModulesInManaged (3ms)
				SetLoadedEditorAssemblies (0ms)
				RefreshPlugins (1ms)
				BeforeProcessingInitializeOnLoad (33ms)
				ProcessInitializeOnLoadAttributes (181ms)
				ProcessInitializeOnLoadMethodAttributes (3ms)
				AfterProcessingInitializeOnLoad (3ms)
				EditorAssembliesLoaded (0ms)
			ExecutionOrderSort2 (0ms)
			AwakeInstancesAfterBackupRestoration (6ms)
Platform modules already initialized, skipping
Refreshing native plugins compatible for Editor in 0.74 ms, found 3 plugins.
Preloading 0 native plugins for Editor in 0.00 ms.
Unloading 2948 Unused Serialized files (Serialized files now loaded: 0)
System memory in use before: 105.8 MB.
System memory in use after: 106.0 MB.

Unloading 17 unused Assets to reduce memory usage. Loaded Objects now: 3403.
Total: 2.522700 ms (FindLiveObjects: 0.189400 ms CreateObjectMapping: 0.095300 ms MarkObjects: 2.223800 ms  DeleteObjects: 0.013600 ms)

AssetImportParameters requested are different than current active one (requested -> active):
  custom:framework-win-MediaFoundation: 216162199b28c13a410421893ffa2e32 -> 
  custom:video-decoder-ogg-theora: a1e56fd34408186e4bbccfd4996cb3dc -> 
  custom:container-muxer-webm: aa71ff27fc2769a1b78a27578f13a17b -> 
  custom:container-demuxer-webm: 4f35f7cbe854078d1ac9338744f61a02 -> 
  custom:container-demuxer-ogg: 62fdf1f143b41e24485cea50d1cbac27 -> 
  custom:video-encoder-webm-vp8: eb34c28f22e8b96e1ab97ce403110664 -> 
  custom:video-decoder-webm-vp8: 9c59270c3fd7afecdb556c50c9e8de78 -> 
  custom:audio-decoder-ogg-vorbis: bf7c407c2cedff20999df2af8eb42d56 -> 
  custom:audio-encoder-webm-vorbis: bf7c407c2cedff20999df2af8eb42d56 -> 
========================================================================
Received Import Request.
  Time since last request: 69.275451 seconds.
  path: Assets/Scenes/SampleScene.unity
  artifactKey: Guid(2cda990e2423bbf4892e6590ba056729) Importer(815301076,1909f56bfc062723c751e8b465ee728b)
Start importing Assets/Scenes/SampleScene.unity using Guid(2cda990e2423bbf4892e6590ba056729) Importer(815301076,1909f56bfc062723c751e8b465ee728b)  -> (artifact id: '77e6e0df62745334a8a61c180752f834') in 0.008889 seconds 
========================================================================
Received Import Request.
  Time since last request: 12.008592 seconds.
  path: Assets/Images/letter.png
  artifactKey: Guid(df674319e4fb81f48b4c2559a33d2480) Importer(815301076,1909f56bfc062723c751e8b465ee728b)
Start importing Assets/Images/letter.png using Guid(df674319e4fb81f48b4c2559a33d2480) Importer(815301076,1909f56bfc062723c751e8b465ee728b)  -> (artifact id: '3636c83f809305bd457234103bbcb7ef') in 0.050711 seconds 
========================================================================
Received Import Request.
  Time since last request: 0.000141 seconds.
  path: Assets/Images/letter_H.png
  artifactKey: Guid(2de6f5ec9ec24534fb338131520f9a4a) Importer(815301076,1909f56bfc062723c751e8b465ee728b)
Start importing Assets/Images/letter_H.png using Guid(2de6f5ec9ec24534fb338131520f9a4a) Importer(815301076,1909f56bfc062723c751e8b465ee728b)  -> (artifact id: 'c40b29704e3aea46d278de4d427b3a10') in 0.007731 seconds 
========================================================================
Received Import Request.
  Time since last request: 0.000135 seconds.
  path: Assets/Images/letter_D.png
  artifactKey: Guid(78b9302eec0d9fd40b94741b5dc00299) Importer(815301076,1909f56bfc062723c751e8b465ee728b)
Start importing Assets/Images/letter_D.png using Guid(78b9302eec0d9fd40b94741b5dc00299) Importer(815301076,1909f56bfc062723c751e8b465ee728b)  -> (artifact id: '95e916fee687f64c33fd3684d3c0d411') in 0.007460 seconds 
========================================================================
Received Import Request.
  Time since last request: 0.000119 seconds.
  path: Assets/Images/letter_K.png
  artifactKey: Guid(6551d423c9017a14c8ad7dc902489507) Importer(815301076,1909f56bfc062723c751e8b465ee728b)
Start importing Assets/Images/letter_K.png using Guid(6551d423c9017a14c8ad7dc902489507) Importer(815301076,1909f56bfc062723c751e8b465ee728b)  -> (artifact id: '8118d328a20a53d98a5fcecf436c733b') in 0.006960 seconds 
========================================================================
Received Import Request.
  Time since last request: 0.000122 seconds.
  path: Assets/Images/letter_G.png
  artifactKey: Guid(8e42cd0d18e4af341842591dc43cd045) Importer(815301076,1909f56bfc062723c751e8b465ee728b)
Start importing Assets/Images/letter_G.png using Guid(8e42cd0d18e4af341842591dc43cd045) Importer(815301076,1909f56bfc062723c751e8b465ee728b)  -> (artifact id: '9701fccf0f066c1bfc9bf02f87f7b1d0') in 0.006311 seconds 
========================================================================
Received Import Request.
  Time since last request: 0.000109 seconds.
  path: Assets/Images/letter_I.png
  artifactKey: Guid(a52b5d4b0d6a7b04ea53f409c4f3751b) Importer(815301076,1909f56bfc062723c751e8b465ee728b)
Start importing Assets/Images/letter_I.png using Guid(a52b5d4b0d6a7b04ea53f409c4f3751b) Importer(815301076,1909f56bfc062723c751e8b465ee728b)  -> (artifact id: '485024774f269a93d652f0093c537cb9') in 0.006402 seconds 
========================================================================
Received Import Request.
  Time since last request: 0.000120 seconds.
  path: Assets/Images/letter_L.png
  artifactKey: Guid(e3371a5f5fd01d141b6f4c4d1a870b10) Importer(815301076,1909f56bfc062723c751e8b465ee728b)
Start importing Assets/Images/letter_L.png using Guid(e3371a5f5fd01d141b6f4c4d1a870b10) Importer(815301076,1909f56bfc062723c751e8b465ee728b)  -> (artifact id: 'd37d3e1d5189afc672defcac933715f0') in 0.007143 seconds 
========================================================================
Received Import Request.
  Time since last request: 0.000100 seconds.
  path: Assets/Images/letter_R.png
  artifactKey: Guid(07ee4fc104f04a749a8ca44c328093d8) Importer(815301076,1909f56bfc062723c751e8b465ee728b)
Start importing Assets/Images/letter_R.png using Guid(07ee4fc104f04a749a8ca44c328093d8) Importer(815301076,1909f56bfc062723c751e8b465ee728b)  -> (artifact id: 'd07b858e856357a90bb0032589aa6e10') in 0.006742 seconds 
========================================================================
Received Import Request.
  Time since last request: 0.000109 seconds.
  path: Assets/Images/letter_C.png
  artifactKey: Guid(050a0bbd54c4e184082cb82db12f8acd) Importer(815301076,1909f56bfc062723c751e8b465ee728b)
Start importing Assets/Images/letter_C.png using Guid(050a0bbd54c4e184082cb82db12f8acd) Importer(815301076,1909f56bfc062723c751e8b465ee728b)  -> (artifact id: 'ba7d0d2e9f67cf80ac1ec30f34f4ce1c') in 0.006391 seconds 
========================================================================
Received Import Request.
  Time since last request: 0.000099 seconds.
  path: Assets/Images/letter_O.png
  artifactKey: Guid(b1448087cbb968e42b21cf550c9c3276) Importer(815301076,1909f56bfc062723c751e8b465ee728b)
Start importing Assets/Images/letter_O.png using Guid(b1448087cbb968e42b21cf550c9c3276) Importer(815301076,1909f56bfc062723c751e8b465ee728b)  -> (artifact id: 'fce6acc4e79d93bc6c4db122392e5961') in 0.005748 seconds 
========================================================================
Received Import Request.
  Time since last request: 0.000110 seconds.
  path: Assets/Images/letter_M.png
  artifactKey: Guid(0aa097ca285798643910919e1633fd45) Importer(815301076,1909f56bfc062723c751e8b465ee728b)
Start importing Assets/Images/letter_M.png using Guid(0aa097ca285798643910919e1633fd45) Importer(815301076,1909f56bfc062723c751e8b465ee728b)  -> (artifact id: '1f477c0b88042008bd06cc79e3ca5627') in 0.005916 seconds 
========================================================================
Received Import Request.
  Time since last request: 0.000097 seconds.
  path: Assets/Images/letter_T.png
  artifactKey: Guid(edc69e4a5e2cf474ab04e3579ab6106b) Importer(815301076,1909f56bfc062723c751e8b465ee728b)
Start importing Assets/Images/letter_T.png using Guid(edc69e4a5e2cf474ab04e3579ab6106b) Importer(815301076,1909f56bfc062723c751e8b465ee728b)  -> (artifact id: 'd4201c5b1ae6c99602c7f46cca0cacbf') in 0.006003 seconds 
========================================================================
Received Import Request.
  Time since last request: 0.000106 seconds.
  path: Assets/Images/letter_U.png
  artifactKey: Guid(c5126af2346422f49ab835832791b9aa) Importer(815301076,1909f56bfc062723c751e8b465ee728b)
Start importing Assets/Images/letter_U.png using Guid(c5126af2346422f49ab835832791b9aa) Importer(815301076,1909f56bfc062723c751e8b465ee728b)  -> (artifact id: '2f621760b05e4713e4d1d307779bda8e') in 0.005839 seconds 
========================================================================
Received Import Request.
  Time since last request: 0.000118 seconds.
  path: Assets/Images/letter_Z.png
  artifactKey: Guid(0f28e48d66e5f3d4ab6dba75c241e22e) Importer(815301076,1909f56bfc062723c751e8b465ee728b)
Start importing Assets/Images/letter_Z.png using Guid(0f28e48d66e5f3d4ab6dba75c241e22e) Importer(815301076,1909f56bfc062723c751e8b465ee728b)  -> (artifact id: 'e01dd03c5b61c90cd965ce3a8dd5db2b') in 0.005964 seconds 
========================================================================
Received Import Request.
  Time since last request: 0.000092 seconds.
  path: Assets/Images/letter_N.png
  artifactKey: Guid(dc2ac1b6668a8404d909e509335dbb33) Importer(815301076,1909f56bfc062723c751e8b465ee728b)
Start importing Assets/Images/letter_N.png using Guid(dc2ac1b6668a8404d909e509335dbb33) Importer(815301076,1909f56bfc062723c751e8b465ee728b)  -> (artifact id: 'e9f4f2d57a6cd827f354e900e16dd364') in 0.005636 seconds 
========================================================================
Received Import Request.
  Time since last request: 0.000099 seconds.
  path: Assets/Images/letter_Y.png
  artifactKey: Guid(9b8a20412ced89c4f8b16737819cf38e) Importer(815301076,1909f56bfc062723c751e8b465ee728b)
Start importing Assets/Images/letter_Y.png using Guid(9b8a20412ced89c4f8b16737819cf38e) Importer(815301076,1909f56bfc062723c751e8b465ee728b)  -> (artifact id: '564abb9dbf8232de07f20fa3949d52d0') in 0.005654 seconds 
========================================================================
Received Import Request.
  Time since last request: 0.000099 seconds.
  path: Assets/Images/letter_V.png
  artifactKey: Guid(bd8ea542cec191d4d9aca1840aa238d5) Importer(815301076,1909f56bfc062723c751e8b465ee728b)
Start importing Assets/Images/letter_V.png using Guid(bd8ea542cec191d4d9aca1840aa238d5) Importer(815301076,1909f56bfc062723c751e8b465ee728b)  -> (artifact id: '817a0ef340825e4ae0590ad7d11d4032') in 0.005564 seconds 
========================================================================
Received Import Request.
  Time since last request: 0.000105 seconds.
  path: Assets/Images/letter_F.png
  artifactKey: Guid(e2b5521efe8601f4687099df2a4ecf7f) Importer(815301076,1909f56bfc062723c751e8b465ee728b)
Start importing Assets/Images/letter_F.png using Guid(e2b5521efe8601f4687099df2a4ecf7f) Importer(815301076,1909f56bfc062723c751e8b465ee728b)  -> (artifact id: '6446e158b099c3ee99d208eb1e12b38e') in 0.005441 seconds 
========================================================================
Received Import Request.
  Time since last request: 0.000123 seconds.
  path: Assets/Images/letter_B.png
  artifactKey: Guid(5cc5c99e7e0440c49ab1841d0720f025) Importer(815301076,1909f56bfc062723c751e8b465ee728b)
Start importing Assets/Images/letter_B.png using Guid(5cc5c99e7e0440c49ab1841d0720f025) Importer(815301076,1909f56bfc062723c751e8b465ee728b)  -> (artifact id: '05ce1447bec1e1408a03da7fac24ae20') in 0.005143 seconds 
========================================================================
Received Import Request.
  Time since last request: 0.000106 seconds.
  path: Assets/Images/letter_W.png
  artifactKey: Guid(09a89601765a6784cac22d54ab0580a2) Importer(815301076,1909f56bfc062723c751e8b465ee728b)
Start importing Assets/Images/letter_W.png using Guid(09a89601765a6784cac22d54ab0580a2) Importer(815301076,1909f56bfc062723c751e8b465ee728b)  -> (artifact id: '83a2c1d5a6313ada27f6da21a8caa213') in 0.006388 seconds 
========================================================================
Received Import Request.
  Time since last request: 0.000116 seconds.
  path: Assets/Images/letter_X.png
  artifactKey: Guid(5d3e60c0f399bf64d9aee7fd86251100) Importer(815301076,1909f56bfc062723c751e8b465ee728b)
Start importing Assets/Images/letter_X.png using Guid(5d3e60c0f399bf64d9aee7fd86251100) Importer(815301076,1909f56bfc062723c751e8b465ee728b)  -> (artifact id: '6010287a94e38ca8b531f320810d2011') in 0.005854 seconds 
========================================================================
Received Import Request.
  Time since last request: 0.000106 seconds.
  path: Assets/Images/letter_J.png
  artifactKey: Guid(c58ac9f8b397dc8469d0164dd3e8c360) Importer(815301076,1909f56bfc062723c751e8b465ee728b)
Start importing Assets/Images/letter_J.png using Guid(c58ac9f8b397dc8469d0164dd3e8c360) Importer(815301076,1909f56bfc062723c751e8b465ee728b)  -> (artifact id: 'd2c05901d84392be1e057d87083d5c84') in 0.005225 seconds 
========================================================================
Received Import Request.
  Time since last request: 0.000106 seconds.
  path: Assets/Images/letter_Q.png
  artifactKey: Guid(e86bc0ffb83b0414f95957cb7b73773e) Importer(815301076,1909f56bfc062723c751e8b465ee728b)
Start importing Assets/Images/letter_Q.png using Guid(e86bc0ffb83b0414f95957cb7b73773e) Importer(815301076,1909f56bfc062723c751e8b465ee728b)  -> (artifact id: 'ec9df7f23d4256d278789308172bec81') in 0.005617 seconds 
========================================================================
Received Import Request.
  Time since last request: 0.000107 seconds.
  path: Assets/Images/letter_P.png
  artifactKey: Guid(9179dcb49e8a9164c929cd130c46c262) Importer(815301076,1909f56bfc062723c751e8b465ee728b)
Start importing Assets/Images/letter_P.png using Guid(9179dcb49e8a9164c929cd130c46c262) Importer(815301076,1909f56bfc062723c751e8b465ee728b)  -> (artifact id: '4fcfe5ebc51231b579c8f5dd0e03fd33') in 0.005622 seconds 
========================================================================
Received Import Request.
  Time since last request: 0.000102 seconds.
  path: Assets/Images/letter_S.png
  artifactKey: Guid(152ecdb017bf2b648999ec297df163eb) Importer(815301076,1909f56bfc062723c751e8b465ee728b)
Start importing Assets/Images/letter_S.png using Guid(152ecdb017bf2b648999ec297df163eb) Importer(815301076,1909f56bfc062723c751e8b465ee728b)  -> (artifact id: 'a9203f74d950c342a813bf823754e4cb') in 0.005788 seconds 
========================================================================
Received Import Request.
  Time since last request: 0.000108 seconds.
  path: Assets/Images/letter_A.png
  artifactKey: Guid(8092452416783ce4186020a758da6909) Importer(815301076,1909f56bfc062723c751e8b465ee728b)
Start importing Assets/Images/letter_A.png using Guid(8092452416783ce4186020a758da6909) Importer(815301076,1909f56bfc062723c751e8b465ee728b)  -> (artifact id: 'eaa62ae9c577177bcaccd551a0caa468') in 0.005817 seconds 
========================================================================
Received Import Request.
  Time since last request: 0.000105 seconds.
  path: Assets/Images/letter_E.png
  artifactKey: Guid(5a7ccfbfa1207464e81c5fa04365f4f0) Importer(815301076,1909f56bfc062723c751e8b465ee728b)
Start importing Assets/Images/letter_E.png using Guid(5a7ccfbfa1207464e81c5fa04365f4f0) Importer(815301076,1909f56bfc062723c751e8b465ee728b)  -> (artifact id: '59ebd234605386659d924842480c18e7') in 0.005733 seconds 
========================================================================
Received Import Request.
  Time since last request: 21.700858 seconds.
  path: Assets/Audio/mixkit-little-cat-attention-meow-86.wav
  artifactKey: Guid(9b489deb07298774185fd07d4b44d86c) Importer(815301076,1909f56bfc062723c751e8b465ee728b)
Start importing Assets/Audio/mixkit-little-cat-attention-meow-86.wav using Guid(9b489deb07298774185fd07d4b44d86c) Importer(815301076,1909f56bfc062723c751e8b465ee728b)  -> (artifact id: '63ed6c5d2de97df7ab3db63952c20b57') in 0.043714 seconds 
========================================================================
Received Import Request.
  Time since last request: 8.164022 seconds.
  path: Assets/Images/letter.png
  artifactKey: Guid(df674319e4fb81f48b4c2559a33d2480) Importer(815301076,1909f56bfc062723c751e8b465ee728b)
Start importing Assets/Images/letter.png using Guid(df674319e4fb81f48b4c2559a33d2480) Importer(815301076,1909f56bfc062723c751e8b465ee728b)  -> (artifact id: '7824fc900edd0d2156236e500109489f') in 0.017344 seconds 
========================================================================
Received Import Request.
  Time since last request: 0.000112 seconds.
  path: Assets/Images/letter_D.png
  artifactKey: Guid(78b9302eec0d9fd40b94741b5dc00299) Importer(815301076,1909f56bfc062723c751e8b465ee728b)
Start importing Assets/Images/letter_D.png using Guid(78b9302eec0d9fd40b94741b5dc00299) Importer(815301076,1909f56bfc062723c751e8b465ee728b)  -> (artifact id: '954508ea40d024c5f05de9578dede17f') in 0.018795 seconds 
========================================================================
Received Import Request.
  Time since last request: 0.000103 seconds.
  path: Assets/Images/letter_G.png
  artifactKey: Guid(8e42cd0d18e4af341842591dc43cd045) Importer(815301076,1909f56bfc062723c751e8b465ee728b)
Start importing Assets/Images/letter_G.png using Guid(8e42cd0d18e4af341842591dc43cd045) Importer(815301076,1909f56bfc062723c751e8b465ee728b)  -> (artifact id: 'eb432de8ba514089d73ae02f55f4696d') in 0.006193 seconds 
========================================================================
Received Import Request.
  Time since last request: 0.000098 seconds.
  path: Assets/Images/letter_C.png
  artifactKey: Guid(050a0bbd54c4e184082cb82db12f8acd) Importer(815301076,1909f56bfc062723c751e8b465ee728b)
Start importing Assets/Images/letter_C.png using Guid(050a0bbd54c4e184082cb82db12f8acd) Importer(815301076,1909f56bfc062723c751e8b465ee728b)  -> (artifact id: '7cca750225ceb3b25e29fb5939faad4e') in 0.006011 seconds 
========================================================================
Received Import Request.
  Time since last request: 0.000100 seconds.
  path: Assets/Images/letter_F.png
  artifactKey: Guid(e2b5521efe8601f4687099df2a4ecf7f) Importer(815301076,1909f56bfc062723c751e8b465ee728b)
Start importing Assets/Images/letter_F.png using Guid(e2b5521efe8601f4687099df2a4ecf7f) Importer(815301076,1909f56bfc062723c751e8b465ee728b)  -> (artifact id: 'c8ba108bae7665748ede9a1e2462508c') in 0.005898 seconds 
========================================================================
Received Import Request.
  Time since last request: 0.000103 seconds.
  path: Assets/Images/letter_B.png
  artifactKey: Guid(5cc5c99e7e0440c49ab1841d0720f025) Importer(815301076,1909f56bfc062723c751e8b465ee728b)
Start importing Assets/Images/letter_B.png using Guid(5cc5c99e7e0440c49ab1841d0720f025) Importer(815301076,1909f56bfc062723c751e8b465ee728b)  -> (artifact id: '88553d394d3f210acdcdce4772597013') in 0.005995 seconds 
========================================================================
Received Import Request.
  Time since last request: 0.000117 seconds.
  path: Assets/Images/letter_A.png
  artifactKey: Guid(8092452416783ce4186020a758da6909) Importer(815301076,1909f56bfc062723c751e8b465ee728b)
Start importing Assets/Images/letter_A.png using Guid(8092452416783ce4186020a758da6909) Importer(815301076,1909f56bfc062723c751e8b465ee728b)  -> (artifact id: '87380d011c2008fcf39ff975f9fd39cf') in 0.006451 seconds 
========================================================================
Received Import Request.
  Time since last request: 0.000107 seconds.
  path: Assets/Images/letter_E.png
  artifactKey: Guid(5a7ccfbfa1207464e81c5fa04365f4f0) Importer(815301076,1909f56bfc062723c751e8b465ee728b)
Start importing Assets/Images/letter_E.png using Guid(5a7ccfbfa1207464e81c5fa04365f4f0) Importer(815301076,1909f56bfc062723c751e8b465ee728b)  -> (artifact id: '34425c34c41809a9dbb80e52c16073f3') in 0.005838 seconds 
========================================================================
Received Import Request.
  Time since last request: 19.309833 seconds.
  path: Assets/Images/letter_H.png
  artifactKey: Guid(2de6f5ec9ec24534fb338131520f9a4a) Importer(815301076,1909f56bfc062723c751e8b465ee728b)
Start importing Assets/Images/letter_H.png using Guid(2de6f5ec9ec24534fb338131520f9a4a) Importer(815301076,1909f56bfc062723c751e8b465ee728b)  -> (artifact id: '4241e58b0d502f001c6e0e1353c078a5') in 0.009325 seconds 
========================================================================
Received Import Request.
  Time since last request: 0.000112 seconds.
  path: Assets/Images/letter_I.png
  artifactKey: Guid(a52b5d4b0d6a7b04ea53f409c4f3751b) Importer(815301076,1909f56bfc062723c751e8b465ee728b)
Start importing Assets/Images/letter_I.png using Guid(a52b5d4b0d6a7b04ea53f409c4f3751b) Importer(815301076,1909f56bfc062723c751e8b465ee728b)  -> (artifact id: 'c304c7df61faa303b60990f7ea32e66b') in 0.006472 seconds 
========================================================================
Received Import Request.
  Time since last request: 0.034479 seconds.
  path: Assets/Images/letter_J.png
  artifactKey: Guid(c58ac9f8b397dc8469d0164dd3e8c360) Importer(815301076,1909f56bfc062723c751e8b465ee728b)
Start importing Assets/Images/letter_J.png using Guid(c58ac9f8b397dc8469d0164dd3e8c360) Importer(815301076,1909f56bfc062723c751e8b465ee728b)  -> (artifact id: '8a965663a772b4254a2f1fea3ab495e7') in 0.006938 seconds 
========================================================================
Received Import Request.
  Time since last request: 0.000118 seconds.
  path: Assets/Images/letter_K.png
  artifactKey: Guid(6551d423c9017a14c8ad7dc902489507) Importer(815301076,1909f56bfc062723c751e8b465ee728b)
Start importing Assets/Images/letter_K.png using Guid(6551d423c9017a14c8ad7dc902489507) Importer(815301076,1909f56bfc062723c751e8b465ee728b)  -> (artifact id: '464249e269b80f47ea6e5da0dbd6d573') in 0.007172 seconds 
========================================================================
Received Import Request.
  Time since last request: 0.028543 seconds.
  path: Assets/Images/letter_L.png
  artifactKey: Guid(e3371a5f5fd01d141b6f4c4d1a870b10) Importer(815301076,1909f56bfc062723c751e8b465ee728b)
Start importing Assets/Images/letter_L.png using Guid(e3371a5f5fd01d141b6f4c4d1a870b10) Importer(815301076,1909f56bfc062723c751e8b465ee728b)  -> (artifact id: '31af8f81cd841dd83018fc17b06b6375') in 0.007207 seconds 
========================================================================
Received Import Request.
  Time since last request: 0.000123 seconds.
  path: Assets/Images/letter_O.png
  artifactKey: Guid(b1448087cbb968e42b21cf550c9c3276) Importer(815301076,1909f56bfc062723c751e8b465ee728b)
Start importing Assets/Images/letter_O.png using Guid(b1448087cbb968e42b21cf550c9c3276) Importer(815301076,1909f56bfc062723c751e8b465ee728b)  -> (artifact id: 'aa1bb3da811bfefaf3f1a21fc9d80002') in 0.006158 seconds 
========================================================================
Received Import Request.
  Time since last request: 0.000104 seconds.
  path: Assets/Images/letter_M.png
  artifactKey: Guid(0aa097ca285798643910919e1633fd45) Importer(815301076,1909f56bfc062723c751e8b465ee728b)
Start importing Assets/Images/letter_M.png using Guid(0aa097ca285798643910919e1633fd45) Importer(815301076,1909f56bfc062723c751e8b465ee728b)  -> (artifact id: 'b814be93984218d3d87194f7c3dfe951') in 0.006294 seconds 
========================================================================
Received Import Request.
  Time since last request: 0.000095 seconds.
  path: Assets/Images/letter_N.png
  artifactKey: Guid(dc2ac1b6668a8404d909e509335dbb33) Importer(815301076,1909f56bfc062723c751e8b465ee728b)
Start importing Assets/Images/letter_N.png using Guid(dc2ac1b6668a8404d909e509335dbb33) Importer(815301076,1909f56bfc062723c751e8b465ee728b)  -> (artifact id: 'c9431afe28814f8095ace81ac4d343ed') in 0.007336 seconds 
========================================================================
Received Import Request.
  Time since last request: 0.000113 seconds.
  path: Assets/Images/letter_Q.png
  artifactKey: Guid(e86bc0ffb83b0414f95957cb7b73773e) Importer(815301076,1909f56bfc062723c751e8b465ee728b)
Start importing Assets/Images/letter_Q.png using Guid(e86bc0ffb83b0414f95957cb7b73773e) Importer(815301076,1909f56bfc062723c751e8b465ee728b)  -> (artifact id: 'c2e1ff9c3c6691e2c61ec6c570339deb') in 0.006634 seconds 
========================================================================
Received Import Request.
  Time since last request: 0.000091 seconds.
  path: Assets/Images/letter_P.png
  artifactKey: Guid(9179dcb49e8a9164c929cd130c46c262) Importer(815301076,1909f56bfc062723c751e8b465ee728b)
Start importing Assets/Images/letter_P.png using Guid(9179dcb49e8a9164c929cd130c46c262) Importer(815301076,1909f56bfc062723c751e8b465ee728b)  -> (artifact id: 'c0a2a6c60799042afd6526fdc43f587e') in 0.007264 seconds 
========================================================================
Received Import Request.
  Time since last request: 0.149241 seconds.
  path: Assets/Images/letter_R.png
  artifactKey: Guid(07ee4fc104f04a749a8ca44c328093d8) Importer(815301076,1909f56bfc062723c751e8b465ee728b)
Start importing Assets/Images/letter_R.png using Guid(07ee4fc104f04a749a8ca44c328093d8) Importer(815301076,1909f56bfc062723c751e8b465ee728b)  -> (artifact id: '90b12945ef693c9e70b07738478d9c3b') in 0.007957 seconds 
========================================================================
Received Import Request.
  Time since last request: 0.000110 seconds.
  path: Assets/Images/letter_S.png
  artifactKey: Guid(152ecdb017bf2b648999ec297df163eb) Importer(815301076,1909f56bfc062723c751e8b465ee728b)
Start importing Assets/Images/letter_S.png using Guid(152ecdb017bf2b648999ec297df163eb) Importer(815301076,1909f56bfc062723c751e8b465ee728b)  -> (artifact id: 'e3fe5c7dc8f70601195c84f13b7eb7a1') in 0.006702 seconds 
========================================================================
Received Import Request.
  Time since last request: 0.063524 seconds.
  path: Assets/Images/letter_T.png
  artifactKey: Guid(edc69e4a5e2cf474ab04e3579ab6106b) Importer(815301076,1909f56bfc062723c751e8b465ee728b)
Start importing Assets/Images/letter_T.png using Guid(edc69e4a5e2cf474ab04e3579ab6106b) Importer(815301076,1909f56bfc062723c751e8b465ee728b)  -> (artifact id: '1b1d57f9fd78d70bc0620e8281dd6bd3') in 0.006639 seconds 
========================================================================
Received Import Request.
  Time since last request: 0.000113 seconds.
  path: Assets/Images/letter_Z.png
  artifactKey: Guid(0f28e48d66e5f3d4ab6dba75c241e22e) Importer(815301076,1909f56bfc062723c751e8b465ee728b)
Start importing Assets/Images/letter_Z.png using Guid(0f28e48d66e5f3d4ab6dba75c241e22e) Importer(815301076,1909f56bfc062723c751e8b465ee728b)  -> (artifact id: 'e2db877064396a1d1643854f0e4ef97c') in 0.006919 seconds 
========================================================================
Received Import Request.
  Time since last request: 0.000228 seconds.
  path: Assets/Images/letter_U.png
  artifactKey: Guid(c5126af2346422f49ab835832791b9aa) Importer(815301076,1909f56bfc062723c751e8b465ee728b)
Start importing Assets/Images/letter_U.png using Guid(c5126af2346422f49ab835832791b9aa) Importer(815301076,1909f56bfc062723c751e8b465ee728b)  -> (artifact id: '3f781fb232ed4cca73b9a3f33fbef7a0') in 0.006485 seconds 
========================================================================
Received Import Request.
  Time since last request: 0.000119 seconds.
  path: Assets/Images/letter_Y.png
  artifactKey: Guid(9b8a20412ced89c4f8b16737819cf38e) Importer(815301076,1909f56bfc062723c751e8b465ee728b)
Start importing Assets/Images/letter_Y.png using Guid(9b8a20412ced89c4f8b16737819cf38e) Importer(815301076,1909f56bfc062723c751e8b465ee728b)  -> (artifact id: '0959ee9d6d68b3a5adb97c2e2bd1c6e4') in 0.006672 seconds 
========================================================================
Received Import Request.
  Time since last request: 0.000109 seconds.
  path: Assets/Images/letter_V.png
  artifactKey: Guid(bd8ea542cec191d4d9aca1840aa238d5) Importer(815301076,1909f56bfc062723c751e8b465ee728b)
Start importing Assets/Images/letter_V.png using Guid(bd8ea542cec191d4d9aca1840aa238d5) Importer(815301076,1909f56bfc062723c751e8b465ee728b)  -> (artifact id: 'd82cc300d33fb26bcfb49073f9844e25') in 0.006138 seconds 
========================================================================
Received Import Request.
  Time since last request: 0.000095 seconds.
  path: Assets/Images/letter_X.png
  artifactKey: Guid(5d3e60c0f399bf64d9aee7fd86251100) Importer(815301076,1909f56bfc062723c751e8b465ee728b)
Start importing Assets/Images/letter_X.png using Guid(5d3e60c0f399bf64d9aee7fd86251100) Importer(815301076,1909f56bfc062723c751e8b465ee728b)  -> (artifact id: '49e72113280c2b02fc539498b2d4fd87') in 0.006545 seconds 
========================================================================
Received Import Request.
  Time since last request: 0.000110 seconds.
  path: Assets/Images/letter_W.png
  artifactKey: Guid(09a89601765a6784cac22d54ab0580a2) Importer(815301076,1909f56bfc062723c751e8b465ee728b)
Start importing Assets/Images/letter_W.png using Guid(09a89601765a6784cac22d54ab0580a2) Importer(815301076,1909f56bfc062723c751e8b465ee728b)  -> (artifact id: '5f3ff6bff59249f9fb1ac1090bd1ae24') in 0.006465 seconds 
========================================================================
Received Prepare
Registering precompiled user dll's ...
Registered in 0.003366 seconds.
Begin MonoManager ReloadAssembly
Symbol file LoadedFromMemory doesn't match image C:\Users\Home\Drawing\Library\PackageCache\com.unity.visualscripting@1.6.1\Editor\VisualScripting.Core\Dependencies\YamlDotNet\Unity.VisualScripting.YamlDotNet.dll
Symbol file LoadedFromMemory doesn't match image C:\Users\Home\Drawing\Library\PackageCache\com.unity.visualscripting@1.6.1\Editor\VisualScripting.Core\Dependencies\DotNetZip\Unity.VisualScripting.IonicZip.dll
Native extension for WindowsStandalone target not found
Refreshing native plugins compatible for Editor in 0.51 ms, found 3 plugins.
Preloading 0 native plugins for Editor in 0.00 ms.
Mono: successfully reloaded assembly
- Completed reload, in  0.724 seconds
Domain Reload Profiling:
	ReloadAssembly (724ms)
		BeginReloadAssembly (89ms)
			ExecutionOrderSort (0ms)
			DisableScriptedObjects (3ms)
			BackupInstance (0ms)
			ReleaseScriptingObjects (0ms)
			CreateAndSetChildDomain (25ms)
		EndReloadAssembly (598ms)
			LoadAssemblies (58ms)
			RebuildTransferFunctionScriptingTraits (0ms)
			SetupTypeCache (193ms)
			ReleaseScriptCaches (1ms)
			RebuildScriptCaches (24ms)
			SetupLoadedEditorAssemblies (241ms)
				LogAssemblyErrors (0ms)
				InitializePlatformSupportModulesInManaged (3ms)
				SetLoadedEditorAssemblies (0ms)
				RefreshPlugins (1ms)
				BeforeProcessingInitializeOnLoad (31ms)
				ProcessInitializeOnLoadAttributes (199ms)
				ProcessInitializeOnLoadMethodAttributes (3ms)
				AfterProcessingInitializeOnLoad (3ms)
				EditorAssembliesLoaded (0ms)
			ExecutionOrderSort2 (0ms)
			AwakeInstancesAfterBackupRestoration (20ms)
Platform modules already initialized, skipping
Refreshing native plugins compatible for Editor in 0.53 ms, found 3 plugins.
Preloading 0 native plugins for Editor in 0.00 ms.
Unloading 2975 Unused Serialized files (Serialized files now loaded: 0)
System memory in use before: 133.0 MB.
System memory in use after: 133.2 MB.

Unloading 17 unused Assets to reduce memory usage. Loaded Objects now: 4199.
Total: 3.160900 ms (FindLiveObjects: 0.256700 ms CreateObjectMapping: 0.108300 ms MarkObjects: 2.780200 ms  DeleteObjects: 0.015100 ms)

AssetImportParameters requested are different than current active one (requested -> active):
  custom:framework-win-MediaFoundation: 216162199b28c13a410421893ffa2e32 -> 
  custom:video-decoder-ogg-theora: a1e56fd34408186e4bbccfd4996cb3dc -> 
  custom:container-muxer-webm: aa71ff27fc2769a1b78a27578f13a17b -> 
  custom:container-demuxer-webm: 4f35f7cbe854078d1ac9338744f61a02 -> 
  custom:container-demuxer-ogg: 62fdf1f143b41e24485cea50d1cbac27 -> 
  custom:video-encoder-webm-vp8: eb34c28f22e8b96e1ab97ce403110664 -> 
  custom:video-decoder-webm-vp8: 9c59270c3fd7afecdb556c50c9e8de78 -> 
  custom:audio-decoder-ogg-vorbis: bf7c407c2cedff20999df2af8eb42d56 -> 
  custom:audio-encoder-webm-vorbis: bf7c407c2cedff20999df2af8eb42d56 -> 
========================================================================
Received Import Request.
  Time since last request: 197.500250 seconds.
  path: Assets/Scenes/SampleScene.unity
  artifactKey: Guid(2cda990e2423bbf4892e6590ba056729) Importer(815301076,1909f56bfc062723c751e8b465ee728b)
Start importing Assets/Scenes/SampleScene.unity using Guid(2cda990e2423bbf4892e6590ba056729) Importer(815301076,1909f56bfc062723c751e8b465ee728b)  -> (artifact id: '312c7804bb7fffcd54c67aef43e8d970') in 0.009333 seconds 
========================================================================
Received Import Request.
  Time since last request: 6.455813 seconds.
  path: Assets/Scenes/Matching.unity
  artifactKey: Guid(2cda990e2423bbf4892e6590ba056729) Importer(815301076,1909f56bfc062723c751e8b465ee728b)
Start importing Assets/Scenes/Matching.unity using Guid(2cda990e2423bbf4892e6590ba056729) Importer(815301076,1909f56bfc062723c751e8b465ee728b)  -> (artifact id: 'a5f49b7c11e7c9e43ae6be63e80d2791') in 0.004108 seconds 
========================================================================
Received Prepare
Registering precompiled user dll's ...
Registered in 0.003577 seconds.
Begin MonoManager ReloadAssembly
Symbol file LoadedFromMemory doesn't match image C:\Users\Home\Drawing\Library\PackageCache\com.unity.visualscripting@1.6.1\Editor\VisualScripting.Core\Dependencies\YamlDotNet\Unity.VisualScripting.YamlDotNet.dll
Symbol file LoadedFromMemory doesn't match image C:\Users\Home\Drawing\Library\PackageCache\com.unity.visualscripting@1.6.1\Editor\VisualScripting.Core\Dependencies\DotNetZip\Unity.VisualScripting.IonicZip.dll
Native extension for WindowsStandalone target not found
Refreshing native plugins compatible for Editor in 0.51 ms, found 3 plugins.
Preloading 0 native plugins for Editor in 0.00 ms.
Mono: successfully reloaded assembly
- Completed reload, in  0.716 seconds
Domain Reload Profiling:
	ReloadAssembly (716ms)
		BeginReloadAssembly (87ms)
			ExecutionOrderSort (0ms)
			DisableScriptedObjects (8ms)
			BackupInstance (0ms)
			ReleaseScriptingObjects (0ms)
			CreateAndSetChildDomain (25ms)
		EndReloadAssembly (575ms)
			LoadAssemblies (61ms)
			RebuildTransferFunctionScriptingTraits (0ms)
			SetupTypeCache (192ms)
			ReleaseScriptCaches (1ms)
			RebuildScriptCaches (23ms)
			SetupLoadedEditorAssemblies (234ms)
				LogAssemblyErrors (0ms)
				InitializePlatformSupportModulesInManaged (3ms)
				SetLoadedEditorAssemblies (0ms)
				RefreshPlugins (1ms)
				BeforeProcessingInitializeOnLoad (31ms)
				ProcessInitializeOnLoadAttributes (192ms)
				ProcessInitializeOnLoadMethodAttributes (3ms)
				AfterProcessingInitializeOnLoad (4ms)
				EditorAssembliesLoaded (0ms)
			ExecutionOrderSort2 (0ms)
			AwakeInstancesAfterBackupRestoration (13ms)
Platform modules already initialized, skipping
Refreshing native plugins compatible for Editor in 0.53 ms, found 3 plugins.
Preloading 0 native plugins for Editor in 0.00 ms.
Unloading 2948 Unused Serialized files (Serialized files now loaded: 0)
System memory in use before: 131.9 MB.
System memory in use after: 132.2 MB.

Unloading 17 unused Assets to reduce memory usage. Loaded Objects now: 4201.
Total: 2.504400 ms (FindLiveObjects: 0.226800 ms CreateObjectMapping: 0.079900 ms MarkObjects: 2.185600 ms  DeleteObjects: 0.011500 ms)

AssetImportParameters requested are different than current active one (requested -> active):
  custom:framework-win-MediaFoundation: 216162199b28c13a410421893ffa2e32 -> 
  custom:video-decoder-ogg-theora: a1e56fd34408186e4bbccfd4996cb3dc -> 
  custom:container-muxer-webm: aa71ff27fc2769a1b78a27578f13a17b -> 
  custom:container-demuxer-webm: 4f35f7cbe854078d1ac9338744f61a02 -> 
  custom:container-demuxer-ogg: 62fdf1f143b41e24485cea50d1cbac27 -> 
  custom:video-encoder-webm-vp8: eb34c28f22e8b96e1ab97ce403110664 -> 
  custom:video-decoder-webm-vp8: 9c59270c3fd7afecdb556c50c9e8de78 -> 
  custom:audio-decoder-ogg-vorbis: bf7c407c2cedff20999df2af8eb42d56 -> 
  custom:audio-encoder-webm-vorbis: bf7c407c2cedff20999df2af8eb42d56 -> 
AssetImportWorkerClient::OnTransportError - code=2 error=End of file
